<?xml version="1.0" encoding="UTF-8"?>
<!-- Generated by org.testng.reporters.JUnitXMLReporter -->
<testsuite ignored="0" hostname="DESKTOP-D9VBFC5" failures="1" tests="2" name="ChromeTest" time="31.71" errors="0" timestamp="2025-09-16T13:08:49 IST">
  <testcase classname="testCases.TC001_MobileLogin" name="loginTest" time="3.409"/>
  <testcase classname="testCases.TC002_Emaillogin" name="emailLoginTst" time="0.935">
    <failure type="java.lang.AssertionError" message="Toast message does not match expected value. expected [Signed In Successfully!] but found []">
      <![CDATA[java.lang.AssertionError: Toast message does not match expected value. expected [Signed In Successfully!] but found []
at testCases.TC002_Emaillogin.emailLoginTst(TC002_Emaillogin.java:23)
at java.base/java.util.ArrayList.forEach(ArrayList.java:1597)
... Removed 30 stack frames]]>
    </failure>
  </testcase> <!-- emailLoginTst -->
</testsuite> <!-- ChromeTest -->
