<?xml version="1.0" encoding="UTF-8"?>
<!-- Generated by org.testng.reporters.JUnitXMLReporter -->
<testsuite ignored="0" hostname="DESKTOP-D9VBFC5" failures="0" tests="2" name="Test3" time="0.19" errors="0" timestamp="2025-08-13T15:32:55 IST">
  <testcase classname="HMTestNGproject.LoginPage" name="loginTest" time="0.0">
    <skipped/>
  </testcase> <!-- loginTest -->
  <testcase classname="HMTestNGproject.LoginPage" name="logininput" time="0.0">
    <skipped/>
  </testcase> <!-- logininput -->
</testsuite> <!-- Test3 -->
