<?xml version="1.0" encoding="UTF-8"?>
<testng-results ignored="0" total="1" passed="1" failed="0" skipped="0">
  <reporter-output>
  </reporter-output>
  <suite started-at="2025-09-18T18:04:51 IST" name="Default suite" finished-at="2025-09-18T18:06:05 IST" duration-ms="74453">
    <groups>
    </groups>
    <test started-at="2025-09-18T18:04:51 IST" name="Default test" finished-at="2025-09-18T18:06:05 IST" duration-ms="74453">
      <class name="testCases.TC016_MemberAndBilling">
        <test-method is-config="true" signature="setup()[pri:0, instance:testCases.TC016_MemberAndBilling@3bd82cf5]" started-at="2025-09-18T18:04:51 IST" name="setup" finished-at="2025-09-18T18:05:45 IST" duration-ms="53953" status="PASS">
          <reporter-output>
          </reporter-output>
        </test-method> <!-- setup -->
        <test-method signature="memberAndBillingTest()[pri:0, instance:testCases.TC016_MemberAndBilling@3bd82cf5]" started-at="2025-09-18T18:05:45 IST" name="memberAndBillingTest" finished-at="2025-09-18T18:06:02 IST" duration-ms="17013" status="PASS">
          <reporter-output>
          </reporter-output>
        </test-method> <!-- memberAndBillingTest -->
        <test-method is-config="true" signature="tearDown()[pri:0, instance:testCases.TC016_MemberAndBilling@3bd82cf5]" started-at="2025-09-18T18:06:02 IST" name="tearDown" finished-at="2025-09-18T18:06:05 IST" duration-ms="3383" status="PASS">
          <reporter-output>
          </reporter-output>
        </test-method> <!-- tearDown -->
      </class> <!-- testCases.TC016_MemberAndBilling -->
    </test> <!-- Default test -->
  </suite> <!-- Default suite -->
</testng-results>
